<?xml version="1.0" encoding="UTF-8"?>
<!-- Generated by org.testng.reporters.JUnitXMLReporter -->
<testsuite hostname="LAPTOP-QSDJ97QB" ignored="0" name="JUnitTests" tests="6" failures="0" timestamp="28 Sep 2022 16:44:50 GMT" time="28.08" errors="0">
  <testcase name="verifyDeleteBooking on verifyDeleteBooking(org.pyconiq.pyconiqassignment.bookingsTest)" time="7.064" classname="org.pyconiq.pyconiqassignment.bookingsTest"/>
  <testcase name="verifyPartialUpdate on verifyPartialUpdate(org.pyconiq.pyconiqassignment.bookingsTest)" time="11.408" classname="org.pyconiq.pyconiqassignment.bookingsTest"/>
  <testcase name="verifyGetBooking on verifyGetBooking(org.pyconiq.pyconiqassignment.bookingsTest)" time="15.49" classname="org.pyconiq.pyconiqassignment.bookingsTest"/>
  <testcase name="verifyCreateBooking on verifyCreateBooking(org.pyconiq.pyconiqassignment.bookingsTest)" time="18.224" classname="org.pyconiq.pyconiqassignment.bookingsTest"/>
  <testcase name="verifyGetBookingIds on verifyGetBookingIds(org.pyconiq.pyconiqassignment.bookingsTest)" time="23.877" classname="org.pyconiq.pyconiqassignment.bookingsTest"/>
  <testcase name="verifyUpdateBooking on verifyUpdateBooking(org.pyconiq.pyconiqassignment.bookingsTest)" time="27.924" classname="org.pyconiq.pyconiqassignment.bookingsTest"/>
</testsuite> <!-- JUnitTests -->
