<?xml version="1.0" encoding="UTF-8"?>
<!-- Generated by org.testng.reporters.JUnitReportReporter -->
<testsuite skipped="0" hostname="LAPTOP-QSDJ97QB" name="org.pyconiq.pyconiqassignment.bookingsTest" tests="6" failures="0" timestamp="28 Sep 2022 16:44:50 GMT" time="103.987" errors="0">
  <testcase name="verifyDeleteBooking" time="7.064" classname="org.pyconiq.pyconiqassignment.bookingsTest"/>
  <testcase name="verifyGetBookingIds" time="23.877" classname="org.pyconiq.pyconiqassignment.bookingsTest"/>
  <testcase name="verifyPartialUpdate" time="11.408" classname="org.pyconiq.pyconiqassignment.bookingsTest"/>
  <testcase name="verifyUpdateBooking" time="27.924" classname="org.pyconiq.pyconiqassignment.bookingsTest"/>
  <testcase name="verifyGetBooking" time="15.490" classname="org.pyconiq.pyconiqassignment.bookingsTest"/>
  <testcase name="verifyCreateBooking" time="18.224" classname="org.pyconiq.pyconiqassignment.bookingsTest"/>
</testsuite> <!-- org.pyconiq.pyconiqassignment.bookingsTest -->
